{"name": "Увеличение счетчика \"Выполнено за сегодня\" при создании заказа", "status": "broken", "statusDetails": {"message": "selenium.common.exceptions.NoSuchElementException: Message: no such element: Unable to locate element: {\"method\":\"xpath\",\"selector\":\".//button[text()=\"Оформить заказ\"]\"}\n  (Session info: chrome=126.0.6478.115); For documentation on this error, please visit: https://www.selenium.dev/documentation/webdriver/troubleshooting/errors#no-such-element-exception\nStacktrace:\n\tGetHandleVerifier [0x0050C1C3+27395]\n\t(No symbol) [0x004A3DC4]\n\t(No symbol) [0x003A1B7F]\n\t(No symbol) [0x003E2C65]\n\t(No symbol) [0x003E2D3B]\n\t(No symbol) [0x0041EC82]\n\t(No symbol) [0x004039E4]\n\t(No symbol) [0x0041CB24]\n\t(No symbol) [0x00403736]\n\t(No symbol) [0x003D7541]\n\t(No symbol) [0x003D80BD]\n\tGetHandleVerifier [0x007C3A93+2876371]\n\tGetHandleVerifier [0x00817F5D+3221661]\n\tGetHandleVerifier [0x0058D634+556916]\n\tGetHandleVerifier [0x0059474C+585868]\n\t(No symbol) [0x004ACE04]\n\t(No symbol) [0x004A9818]\n\t(No symbol) [0x004A99B7]\n\t(No symbol) [0x0049BF0E]\n\tBaseThreadInitThunk [0x7542FA29+25]\n\tRtlGetAppContainerNamedObjectPath [0x775A7A7E+286]\n\tRtlGetAppContainerNamedObjectPath [0x775A7A4E+238]", "trace": "self = <tests.test_orders.TestOrders object at 0x00000230ED48AD80>\ndriver = <selenium.webdriver.chrome.webdriver.WebDriver (session=\"de6ac806526d8804ac44afaf97286798\")>, user_login = None\n\n    @allure.title('Увеличение счетчика \"Выполнено за сегодня\" при создании заказа')\n    def test_today_orders_counter_incrementing(self, driver, user_login):\n        order_page = OrdersPage(driver)\n        order_page.open_page(Urls.BASE_URL + Urls.ORDER_FEED_URL)\n        today_orders_number_before = order_page.get_today_orders_number()\n        order_page.open_page(Urls.BASE_URL)\n        page = MainPage(driver)\n>       page.make_an_order()\n\ntests\\test_orders.py:61: \n_ _ _ _ _ _ _ _ _ _ _ _ _ _ _ _ _ _ _ _ _ _ _ _ _ _ _ _ _ _ _ _ _ _ _ _ _ _ _ _ _ _ _ _ _ _ _ _ _ _ _ _ _ _ _ _ _ _ _ _ _ _ _ _ _ _ _ _ _ _ _ _ _ _ _ _ _ _ _ \npages\\main_page.py:79: in make_an_order\n    self.click_on_order_button()\npages\\main_page.py:20: in click_on_order_button\n    return self.find_element_clickable(MainPageLocators.ORDER_BUTTON)\npages\\base_page.py:14: in find_element_clickable\n    element = self.driver.find_element(*locator)\nC:\\Users\\ilnazhim\\AppData\\Local\\Programs\\Python\\Python312\\Lib\\site-packages\\selenium\\webdriver\\remote\\webdriver.py:748: in find_element\n    return self.execute(Command.FIND_ELEMENT, {\"using\": by, \"value\": value})[\"value\"]\nC:\\Users\\ilnazhim\\AppData\\Local\\Programs\\Python\\Python312\\Lib\\site-packages\\selenium\\webdriver\\remote\\webdriver.py:354: in execute\n    self.error_handler.check_response(response)\n_ _ _ _ _ _ _ _ _ _ _ _ _ _ _ _ _ _ _ _ _ _ _ _ _ _ _ _ _ _ _ _ _ _ _ _ _ _ _ _ _ _ _ _ _ _ _ _ _ _ _ _ _ _ _ _ _ _ _ _ _ _ _ _ _ _ _ _ _ _ _ _ _ _ _ _ _ _ _ \n\nself = <selenium.webdriver.remote.errorhandler.ErrorHandler object at 0x00000230ED575790>\nresponse = {'status': 404, 'value': '{\"value\":{\"error\":\"no such element\",\"message\":\"no such element: Unable to locate element: {\\...\\n\\\\tRtlGetAppContainerNamedObjectPath [0x775A7A7E+286]\\\\n\\\\tRtlGetAppContainerNamedObjectPath [0x775A7A4E+238]\\\\n\"}}'}\n\n    def check_response(self, response: Dict[str, Any]) -> None:\n        \"\"\"Checks that a JSON response from the WebDriver does not have an\n        error.\n    \n        :Args:\n         - response - The JSON response from the WebDriver server as a dictionary\n           object.\n    \n        :Raises: If the response contains an error message.\n        \"\"\"\n        status = response.get(\"status\", None)\n        if not status or status == ErrorCode.SUCCESS:\n            return\n        value = None\n        message = response.get(\"message\", \"\")\n        screen: str = response.get(\"screen\", \"\")\n        stacktrace = None\n        if isinstance(status, int):\n            value_json = response.get(\"value\", None)\n            if value_json and isinstance(value_json, str):\n                import json\n    \n                try:\n                    value = json.loads(value_json)\n                    if len(value) == 1:\n                        value = value[\"value\"]\n                    status = value.get(\"error\", None)\n                    if not status:\n                        status = value.get(\"status\", ErrorCode.UNKNOWN_ERROR)\n                        message = value.get(\"value\") or value.get(\"message\")\n                        if not isinstance(message, str):\n                            value = message\n                            message = message.get(\"message\")\n                    else:\n                        message = value.get(\"message\", None)\n                except ValueError:\n                    pass\n    \n        exception_class: Type[WebDriverException]\n        e = ErrorCode()\n        error_codes = [item for item in dir(e) if not item.startswith(\"__\")]\n        for error_code in error_codes:\n            error_info = getattr(ErrorCode, error_code)\n            if isinstance(error_info, list) and status in error_info:\n                exception_class = getattr(ExceptionMapping, error_code, WebDriverException)\n                break\n        else:\n            exception_class = WebDriverException\n    \n        if not value:\n            value = response[\"value\"]\n        if isinstance(value, str):\n            raise exception_class(value)\n        if message == \"\" and \"message\" in value:\n            message = value[\"message\"]\n    \n        screen = None  # type: ignore[assignment]\n        if \"screen\" in value:\n            screen = value[\"screen\"]\n    \n        stacktrace = None\n        st_value = value.get(\"stackTrace\") or value.get(\"stacktrace\")\n        if st_value:\n            if isinstance(st_value, str):\n                stacktrace = st_value.split(\"\\n\")\n            else:\n                stacktrace = []\n                try:\n                    for frame in st_value:\n                        line = frame.get(\"lineNumber\", \"\")\n                        file = frame.get(\"fileName\", \"<anonymous>\")\n                        if line:\n                            file = f\"{file}:{line}\"\n                        meth = frame.get(\"methodName\", \"<anonymous>\")\n                        if \"className\" in frame:\n                            meth = f\"{frame['className']}.{meth}\"\n                        msg = \"    at %s (%s)\"\n                        msg = msg % (meth, file)\n                        stacktrace.append(msg)\n                except TypeError:\n                    pass\n        if exception_class == UnexpectedAlertPresentException:\n            alert_text = None\n            if \"data\" in value:\n                alert_text = value[\"data\"].get(\"text\")\n            elif \"alert\" in value:\n                alert_text = value[\"alert\"].get(\"text\")\n            raise exception_class(message, screen, stacktrace, alert_text)  # type: ignore[call-arg]  # mypy is not smart enough here\n>       raise exception_class(message, screen, stacktrace)\nE       selenium.common.exceptions.NoSuchElementException: Message: no such element: Unable to locate element: {\"method\":\"xpath\",\"selector\":\".//button[text()=\"Оформить заказ\"]\"}\nE         (Session info: chrome=126.0.6478.115); For documentation on this error, please visit: https://www.selenium.dev/documentation/webdriver/troubleshooting/errors#no-such-element-exception\nE       Stacktrace:\nE       \tGetHandleVerifier [0x0050C1C3+27395]\nE       \t(No symbol) [0x004A3DC4]\nE       \t(No symbol) [0x003A1B7F]\nE       \t(No symbol) [0x003E2C65]\nE       \t(No symbol) [0x003E2D3B]\nE       \t(No symbol) [0x0041EC82]\nE       \t(No symbol) [0x004039E4]\nE       \t(No symbol) [0x0041CB24]\nE       \t(No symbol) [0x00403736]\nE       \t(No symbol) [0x003D7541]\nE       \t(No symbol) [0x003D80BD]\nE       \tGetHandleVerifier [0x007C3A93+2876371]\nE       \tGetHandleVerifier [0x00817F5D+3221661]\nE       \tGetHandleVerifier [0x0058D634+556916]\nE       \tGetHandleVerifier [0x0059474C+585868]\nE       \t(No symbol) [0x004ACE04]\nE       \t(No symbol) [0x004A9818]\nE       \t(No symbol) [0x004A99B7]\nE       \t(No symbol) [0x0049BF0E]\nE       \tBaseThreadInitThunk [0x7542FA29+25]\nE       \tRtlGetAppContainerNamedObjectPath [0x775A7A7E+286]\nE       \tRtlGetAppContainerNamedObjectPath [0x775A7A4E+238]\n\nC:\\Users\\ilnazhim\\AppData\\Local\\Programs\\Python\\Python312\\Lib\\site-packages\\selenium\\webdriver\\remote\\errorhandler.py:229: NoSuchElementException"}, "steps": [{"name": "Получить количество всех заказов на сегодня", "status": "passed", "start": 1719498182922, "stop": 1719498184652}, {"name": "Сделать заказ", "status": "broken", "statusDetails": {"message": "selenium.common.exceptions.NoSuchElementException: Message: no such element: Unable to locate element: {\"method\":\"xpath\",\"selector\":\".//button[text()=\"Оформить заказ\"]\"}\n  (Session info: chrome=126.0.6478.115); For documentation on this error, please visit: https://www.selenium.dev/documentation/webdriver/troubleshooting/errors#no-such-element-exception\nStacktrace:\n\tGetHandleVerifier [0x0050C1C3+27395]\n\t(No symbol) [0x004A3DC4]\n\t(No symbol) [0x003A1B7F]\n\t(No symbol) [0x003E2C65]\n\t(No symbol) [0x003E2D3B]\n\t(No symbol) [0x0041EC82]\n\t(No symbol) [0x004039E4]\n\t(No symbol) [0x0041CB24]\n\t(No symbol) [0x00403736]\n\t(No symbol) [0x003D7541]\n\t(No symbol) [0x003D80BD]\n\tGetHandleVerifier [0x007C3A93+2876371]\n\tGetHandleVerifier [0x00817F5D+3221661]\n\tGetHandleVerifier [0x0058D634+556916]\n\tGetHandleVerifier [0x0059474C+585868]\n\t(No symbol) [0x004ACE04]\n\t(No symbol) [0x004A9818]\n\t(No symbol) [0x004A99B7]\n\t(No symbol) [0x0049BF0E]\n\tBaseThreadInitThunk [0x7542FA29+25]\n\tRtlGetAppContainerNamedObjectPath [0x775A7A7E+286]\n\tRtlGetAppContainerNamedObjectPath [0x775A7A4E+238]\n\n", "trace": "  File \"C:\\Users\\ilnazhim\\AppData\\Local\\Programs\\Python\\Python312\\Lib\\site-packages\\allure_commons\\_allure.py\", line 192, in impl\n    return func(*a, **kw)\n           ^^^^^^^^^^^^^^\n  File \"D:\\Обучение\\Яндекс практикум\\Diplom\\Diplom_3\\pages\\main_page.py\", line 79, in make_an_order\n    self.click_on_order_button()\n  File \"C:\\Users\\ilnazhim\\AppData\\Local\\Programs\\Python\\Python312\\Lib\\site-packages\\allure_commons\\_allure.py\", line 192, in impl\n    return func(*a, **kw)\n           ^^^^^^^^^^^^^^\n  File \"D:\\Обучение\\Яндекс практикум\\Diplom\\Diplom_3\\pages\\main_page.py\", line 20, in click_on_order_button\n    return self.find_element_clickable(MainPageLocators.ORDER_BUTTON)\n           ^^^^^^^^^^^^^^^^^^^^^^^^^^^^^^^^^^^^^^^^^^^^^^^^^^^^^^^^^^\n  File \"D:\\Обучение\\Яндекс практикум\\Diplom\\Diplom_3\\pages\\base_page.py\", line 14, in find_element_clickable\n    element = self.driver.find_element(*locator)\n              ^^^^^^^^^^^^^^^^^^^^^^^^^^^^^^^^^^\n  File \"C:\\Users\\ilnazhim\\AppData\\Local\\Programs\\Python\\Python312\\Lib\\site-packages\\selenium\\webdriver\\remote\\webdriver.py\", line 748, in find_element\n    return self.execute(Command.FIND_ELEMENT, {\"using\": by, \"value\": value})[\"value\"]\n           ^^^^^^^^^^^^^^^^^^^^^^^^^^^^^^^^^^^^^^^^^^^^^^^^^^^^^^^^^^^^^^^^^\n  File \"C:\\Users\\ilnazhim\\AppData\\Local\\Programs\\Python\\Python312\\Lib\\site-packages\\selenium\\webdriver\\remote\\webdriver.py\", line 354, in execute\n    self.error_handler.check_response(response)\n  File \"C:\\Users\\ilnazhim\\AppData\\Local\\Programs\\Python\\Python312\\Lib\\site-packages\\selenium\\webdriver\\remote\\errorhandler.py\", line 229, in check_response\n    raise exception_class(message, screen, stacktrace)\n"}, "steps": [{"name": "Добавить булку в корзину", "status": "passed", "start": 1719498185212, "stop": 1719498185894}, {"name": "Добавить соус в корзину", "status": "passed", "start": 1719498185894, "stop": 1719498185997}, {"name": "Нажать на кнопку \"Оформить заказ\"", "status": "broken", "statusDetails": {"message": "selenium.common.exceptions.NoSuchElementException: Message: no such element: Unable to locate element: {\"method\":\"xpath\",\"selector\":\".//button[text()=\"Оформить заказ\"]\"}\n  (Session info: chrome=126.0.6478.115); For documentation on this error, please visit: https://www.selenium.dev/documentation/webdriver/troubleshooting/errors#no-such-element-exception\nStacktrace:\n\tGetHandleVerifier [0x0050C1C3+27395]\n\t(No symbol) [0x004A3DC4]\n\t(No symbol) [0x003A1B7F]\n\t(No symbol) [0x003E2C65]\n\t(No symbol) [0x003E2D3B]\n\t(No symbol) [0x0041EC82]\n\t(No symbol) [0x004039E4]\n\t(No symbol) [0x0041CB24]\n\t(No symbol) [0x00403736]\n\t(No symbol) [0x003D7541]\n\t(No symbol) [0x003D80BD]\n\tGetHandleVerifier [0x007C3A93+2876371]\n\tGetHandleVerifier [0x00817F5D+3221661]\n\tGetHandleVerifier [0x0058D634+556916]\n\tGetHandleVerifier [0x0059474C+585868]\n\t(No symbol) [0x004ACE04]\n\t(No symbol) [0x004A9818]\n\t(No symbol) [0x004A99B7]\n\t(No symbol) [0x0049BF0E]\n\tBaseThreadInitThunk [0x7542FA29+25]\n\tRtlGetAppContainerNamedObjectPath [0x775A7A7E+286]\n\tRtlGetAppContainerNamedObjectPath [0x775A7A4E+238]\n\n", "trace": "  File \"C:\\Users\\ilnazhim\\AppData\\Local\\Programs\\Python\\Python312\\Lib\\site-packages\\allure_commons\\_allure.py\", line 192, in impl\n    return func(*a, **kw)\n           ^^^^^^^^^^^^^^\n  File \"D:\\Обучение\\Яндекс практикум\\Diplom\\Diplom_3\\pages\\main_page.py\", line 20, in click_on_order_button\n    return self.find_element_clickable(MainPageLocators.ORDER_BUTTON)\n           ^^^^^^^^^^^^^^^^^^^^^^^^^^^^^^^^^^^^^^^^^^^^^^^^^^^^^^^^^^\n  File \"D:\\Обучение\\Яндекс практикум\\Diplom\\Diplom_3\\pages\\base_page.py\", line 14, in find_element_clickable\n    element = self.driver.find_element(*locator)\n              ^^^^^^^^^^^^^^^^^^^^^^^^^^^^^^^^^^\n  File \"C:\\Users\\ilnazhim\\AppData\\Local\\Programs\\Python\\Python312\\Lib\\site-packages\\selenium\\webdriver\\remote\\webdriver.py\", line 748, in find_element\n    return self.execute(Command.FIND_ELEMENT, {\"using\": by, \"value\": value})[\"value\"]\n           ^^^^^^^^^^^^^^^^^^^^^^^^^^^^^^^^^^^^^^^^^^^^^^^^^^^^^^^^^^^^^^^^^\n  File \"C:\\Users\\ilnazhim\\AppData\\Local\\Programs\\Python\\Python312\\Lib\\site-packages\\selenium\\webdriver\\remote\\webdriver.py\", line 354, in execute\n    self.error_handler.check_response(response)\n  File \"C:\\Users\\ilnazhim\\AppData\\Local\\Programs\\Python\\Python312\\Lib\\site-packages\\selenium\\webdriver\\remote\\errorhandler.py\", line 229, in check_response\n    raise exception_class(message, screen, stacktrace)\n"}, "start": 1719498185997, "stop": 1719498186025}], "start": 1719498185212, "stop": 1719498186028}], "parameters": [{"name": "driver", "value": "'chrome'"}], "start": 1719498181788, "stop": 1719498186029, "uuid": "da298d9b-3e56-4692-a357-44ecc0c8944f", "historyId": "78d2da9ebcce112a6e00025a60bdea1c", "testCaseId": "9240cc89f2ea4eac98fd3d87158170cf", "fullName": "tests.test_orders.TestOrders#test_today_orders_counter_incrementing", "labels": [{"name": "parentSuite", "value": "tests"}, {"name": "suite", "value": "test_orders"}, {"name": "subSuite", "value": "TestOrders"}, {"name": "host", "value": "HOME-PC"}, {"name": "thread", "value": "3044-MainThread"}, {"name": "framework", "value": "pytest"}, {"name": "language", "value": "cpython3"}, {"name": "package", "value": "tests.test_orders"}]}